The system is: Linux - 3.10.0-1160.71.1.el7.x86_64 - x86_64
Compiling the C compiler identification source file "CMakeCCompilerId.c" succeeded.
Compiler: /cvmfs/sft.cern.ch/lcg/releases/gcc/11.1.0-e80bf/x86_64-centos7/bin/gcc 
Build flags: 
Id flags:  

The output was:
0


Compilation of the C compiler identification source "CMakeCCompilerId.c" produced "a.out"

The C compiler identification is GNU, found in "/home/hep/mm2321/LMU_design_2/build/CMakeFiles/3.21.2/CompilerIdC/a.out"

Compiling the CXX compiler identification source file "CMakeCXXCompilerId.cpp" succeeded.
Compiler: /cvmfs/sft.cern.ch/lcg/releases/gcc/11.1.0-e80bf/x86_64-centos7/bin/g++ 
Build flags: 
Id flags:  

The output was:
0


Compilation of the CXX compiler identification source "CMakeCXXCompilerId.cpp" produced "a.out"

The CXX compiler identification is GNU, found in "/home/hep/mm2321/LMU_design_2/build/CMakeFiles/3.21.2/CompilerIdCXX/a.out"

Detecting C compiler ABI info compiled with the following output:
Change Dir: /home/hep/mm2321/LMU_design_2/build/CMakeFiles/CMakeTmp

Run Build Command(s):/usr/bin/gmake -f Makefile cmTC_039f8/fast && /usr/bin/gmake  -f CMakeFiles/cmTC_039f8.dir/build.make CMakeFiles/cmTC_039f8.dir/build
gmake[1]: Entering directory `/home/hep/mm2321/LMU_design_2/build/CMakeFiles/CMakeTmp'
Building C object CMakeFiles/cmTC_039f8.dir/CMakeCCompilerABI.c.o
/cvmfs/sft.cern.ch/lcg/releases/gcc/11.1.0-e80bf/x86_64-centos7/bin/gcc   -v -o CMakeFiles/cmTC_039f8.dir/CMakeCCompilerABI.c.o -c /vols/ccap/local/cmake/cmake-3.21.2-linux-x86_64/share/cmake-3.21/Modules/CMakeCCompilerABI.c
Using built-in specs.
COLLECT_GCC=/cvmfs/sft.cern.ch/lcg/releases/gcc/11.1.0-e80bf/x86_64-centos7/bin/gcc
Target: x86_64-pc-linux-gnu
Configured with: /build/dkonst/gcc-clang-2/build/contrib/gcc-11.1.0/src/gcc/11.1.0/configure --prefix=/build/dkonst/gcc-clang-2/lcgcmake-install/gcc/11.1.0/x86_64-centos7 -with-system-zlib --disable-multilib --enable-languages=all --with-gnu-ld --with-gnu-as
Thread model: posix
Supported LTO compression algorithms: zlib
gcc version 11.1.0 (GCC) 
COLLECT_GCC_OPTIONS='-v' '-o' 'CMakeFiles/cmTC_039f8.dir/CMakeCCompilerABI.c.o' '-c' '-mtune=generic' '-march=x86-64' '-dumpdir' 'CMakeFiles/cmTC_039f8.dir/'
 /cvmfs/sft.cern.ch/lcg/releases/gcc/11.1.0-e80bf/x86_64-centos7/bin/../libexec/gcc/x86_64-pc-linux-gnu/11.1.0/cc1 -quiet -v -iprefix /cvmfs/sft.cern.ch/lcg/releases/gcc/11.1.0-e80bf/x86_64-centos7/bin/../lib/gcc/x86_64-pc-linux-gnu/11.1.0/ -isystem /cvmfs/sft.cern.ch/lcg/releases/gcc/11.1.0-e80bf/x86_64-centos7/include /vols/ccap/local/cmake/cmake-3.21.2-linux-x86_64/share/cmake-3.21/Modules/CMakeCCompilerABI.c -quiet -dumpdir CMakeFiles/cmTC_039f8.dir/ -dumpbase CMakeCCompilerABI.c.c -dumpbase-ext .c -mtune=generic -march=x86-64 -version -o /tmp/ccLYF9W1.s
GNU C17 (GCC) version 11.1.0 (x86_64-pc-linux-gnu)
	compiled by GNU C version 11.1.0, GMP version 6.1.0, MPFR version 3.1.4, MPC version 1.0.3, isl version isl-0.18-GMP

GGC heuristics: --param ggc-min-expand=100 --param ggc-min-heapsize=131072
ignoring nonexistent directory "/cvmfs/sft.cern.ch/lcg/releases/gcc/11.1.0-e80bf/x86_64-centos7/bin/../lib/gcc/x86_64-pc-linux-gnu/11.1.0/../../../../x86_64-pc-linux-gnu/include"
ignoring duplicate directory "/cvmfs/sft.cern.ch/lcg/releases/gcc/11.1.0-e80bf/x86_64-centos7/bin/../lib/gcc/../../lib/gcc/x86_64-pc-linux-gnu/11.1.0/include"
ignoring duplicate directory "/cvmfs/sft.cern.ch/lcg/releases/gcc/11.1.0-e80bf/x86_64-centos7/bin/../lib/gcc/../../include"
ignoring duplicate directory "/cvmfs/sft.cern.ch/lcg/releases/gcc/11.1.0-e80bf/x86_64-centos7/bin/../lib/gcc/../../lib/gcc/x86_64-pc-linux-gnu/11.1.0/include-fixed"
ignoring nonexistent directory "/cvmfs/sft.cern.ch/lcg/releases/gcc/11.1.0-e80bf/x86_64-centos7/bin/../lib/gcc/../../lib/gcc/x86_64-pc-linux-gnu/11.1.0/../../../../x86_64-pc-linux-gnu/include"
#include "..." search starts here:
#include <...> search starts here:
 /cvmfs/sft.cern.ch/lcg/views/LCG_96/x86_64-centos7-gcc62-opt/include
 /cvmfs/sft.cern.ch/lcg/releases/gcc/11.1.0-e80bf/x86_64-centos7/include
 /cvmfs/sft.cern.ch/lcg/releases/gcc/11.1.0-e80bf/x86_64-centos7/bin/../lib/gcc/x86_64-pc-linux-gnu/11.1.0/include
 /cvmfs/sft.cern.ch/lcg/releases/gcc/11.1.0-e80bf/x86_64-centos7/bin/../lib/gcc/x86_64-pc-linux-gnu/11.1.0/include-fixed
 /usr/local/include
 /usr/include
End of search list.
GNU C17 (GCC) version 11.1.0 (x86_64-pc-linux-gnu)
	compiled by GNU C version 11.1.0, GMP version 6.1.0, MPFR version 3.1.4, MPC version 1.0.3, isl version isl-0.18-GMP

GGC heuristics: --param ggc-min-expand=100 --param ggc-min-heapsize=131072
Compiler executable checksum: 0d2ceef36e5cd635538f03ee2d64d590
COLLECT_GCC_OPTIONS='-v' '-o' 'CMakeFiles/cmTC_039f8.dir/CMakeCCompilerABI.c.o' '-c' '-mtune=generic' '-march=x86-64' '-dumpdir' 'CMakeFiles/cmTC_039f8.dir/'
 as -v --64 -o CMakeFiles/cmTC_039f8.dir/CMakeCCompilerABI.c.o /tmp/ccLYF9W1.s
GNU assembler version 2.36.1 (x86_64-pc-linux-gnu) using BFD version (GNU Binutils) 2.36.1
COMPILER_PATH=/cvmfs/sft.cern.ch/lcg/releases/gcc/11.1.0-e80bf/x86_64-centos7/bin/../libexec/gcc/x86_64-pc-linux-gnu/11.1.0/:/cvmfs/sft.cern.ch/lcg/releases/gcc/11.1.0-e80bf/x86_64-centos7/bin/../libexec/gcc/:/cvmfs/sft.cern.ch/lcg/releases/gcc/11.1.0-e80bf/x86_64-centos7/
LIBRARY_PATH=/cvmfs/sft.cern.ch/lcg/releases/gcc/11.1.0-e80bf/x86_64-centos7/bin/../lib/gcc/x86_64-pc-linux-gnu/11.1.0/:/cvmfs/sft.cern.ch/lcg/releases/gcc/11.1.0-e80bf/x86_64-centos7/bin/../lib/gcc/:/cvmfs/sft.cern.ch/lcg/releases/gcc/11.1.0-e80bf/x86_64-centos7/bin/../lib/gcc/x86_64-pc-linux-gnu/11.1.0/../../../../lib64/:/lib/../lib64/:/usr/lib/../lib64/:/cvmfs/sft.cern.ch/lcg/releases/gcc/11.1.0-e80bf/x86_64-centos7/bin/../lib/gcc/x86_64-pc-linux-gnu/11.1.0/../../../:/lib/:/usr/lib/
COLLECT_GCC_OPTIONS='-v' '-o' 'CMakeFiles/cmTC_039f8.dir/CMakeCCompilerABI.c.o' '-c' '-mtune=generic' '-march=x86-64' '-dumpdir' 'CMakeFiles/cmTC_039f8.dir/CMakeCCompilerABI.c.'
Linking C executable cmTC_039f8
/vols/ccap/local/cmake/cmake-3.21.2-linux-x86_64/bin/cmake -E cmake_link_script CMakeFiles/cmTC_039f8.dir/link.txt --verbose=1
/cvmfs/sft.cern.ch/lcg/releases/gcc/11.1.0-e80bf/x86_64-centos7/bin/gcc  -v -rdynamic CMakeFiles/cmTC_039f8.dir/CMakeCCompilerABI.c.o -o cmTC_039f8 
Using built-in specs.
COLLECT_GCC=/cvmfs/sft.cern.ch/lcg/releases/gcc/11.1.0-e80bf/x86_64-centos7/bin/gcc
COLLECT_LTO_WRAPPER=/cvmfs/sft.cern.ch/lcg/releases/gcc/11.1.0-e80bf/x86_64-centos7/bin/../libexec/gcc/x86_64-pc-linux-gnu/11.1.0/lto-wrapper
Target: x86_64-pc-linux-gnu
Configured with: /build/dkonst/gcc-clang-2/build/contrib/gcc-11.1.0/src/gcc/11.1.0/configure --prefix=/build/dkonst/gcc-clang-2/lcgcmake-install/gcc/11.1.0/x86_64-centos7 -with-system-zlib --disable-multilib --enable-languages=all --with-gnu-ld --with-gnu-as
Thread model: posix
Supported LTO compression algorithms: zlib
gcc version 11.1.0 (GCC) 
COMPILER_PATH=/cvmfs/sft.cern.ch/lcg/releases/gcc/11.1.0-e80bf/x86_64-centos7/bin/../libexec/gcc/x86_64-pc-linux-gnu/11.1.0/:/cvmfs/sft.cern.ch/lcg/releases/gcc/11.1.0-e80bf/x86_64-centos7/bin/../libexec/gcc/:/cvmfs/sft.cern.ch/lcg/releases/gcc/11.1.0-e80bf/x86_64-centos7/
LIBRARY_PATH=/cvmfs/sft.cern.ch/lcg/releases/gcc/11.1.0-e80bf/x86_64-centos7/bin/../lib/gcc/x86_64-pc-linux-gnu/11.1.0/:/cvmfs/sft.cern.ch/lcg/releases/gcc/11.1.0-e80bf/x86_64-centos7/bin/../lib/gcc/:/cvmfs/sft.cern.ch/lcg/releases/gcc/11.1.0-e80bf/x86_64-centos7/bin/../lib/gcc/x86_64-pc-linux-gnu/11.1.0/../../../../lib64/:/lib/../lib64/:/usr/lib/../lib64/:/cvmfs/sft.cern.ch/lcg/releases/gcc/11.1.0-e80bf/x86_64-centos7/bin/../lib/gcc/x86_64-pc-linux-gnu/11.1.0/../../../:/lib/:/usr/lib/
COLLECT_GCC_OPTIONS='-v' '-rdynamic' '-o' 'cmTC_039f8' '-mtune=generic' '-march=x86-64' '-dumpdir' 'cmTC_039f8.'
 /cvmfs/sft.cern.ch/lcg/releases/gcc/11.1.0-e80bf/x86_64-centos7/bin/../libexec/gcc/x86_64-pc-linux-gnu/11.1.0/collect2 -plugin /cvmfs/sft.cern.ch/lcg/releases/gcc/11.1.0-e80bf/x86_64-centos7/bin/../libexec/gcc/x86_64-pc-linux-gnu/11.1.0/liblto_plugin.so -plugin-opt=/cvmfs/sft.cern.ch/lcg/releases/gcc/11.1.0-e80bf/x86_64-centos7/bin/../libexec/gcc/x86_64-pc-linux-gnu/11.1.0/lto-wrapper -plugin-opt=-fresolution=/tmp/cc2TOnab.res -plugin-opt=-pass-through=-lgcc -plugin-opt=-pass-through=-lgcc_s -plugin-opt=-pass-through=-lc -plugin-opt=-pass-through=-lgcc -plugin-opt=-pass-through=-lgcc_s --eh-frame-hdr -m elf_x86_64 -export-dynamic -dynamic-linker /lib64/ld-linux-x86-64.so.2 -o cmTC_039f8 /lib/../lib64/crt1.o /lib/../lib64/crti.o /cvmfs/sft.cern.ch/lcg/releases/gcc/11.1.0-e80bf/x86_64-centos7/bin/../lib/gcc/x86_64-pc-linux-gnu/11.1.0/crtbegin.o -L/cvmfs/sft.cern.ch/lcg/releases/gcc/11.1.0-e80bf/x86_64-centos7/bin/../lib/gcc/x86_64-pc-linux-gnu/11.1.0 -L/cvmfs/sft.cern.ch/lcg/releases/gcc/11.1.0-e80bf/x86_64-centos7/bin/../lib/gcc -L/cvmfs/sft.cern.ch/lcg/releases/gcc/11.1.0-e80bf/x86_64-centos7/bin/../lib/gcc/x86_64-pc-linux-gnu/11.1.0/../../../../lib64 -L/lib/../lib64 -L/usr/lib/../lib64 -L/cvmfs/sft.cern.ch/lcg/releases/gcc/11.1.0-e80bf/x86_64-centos7/bin/../lib/gcc/x86_64-pc-linux-gnu/11.1.0/../../.. CMakeFiles/cmTC_039f8.dir/CMakeCCompilerABI.c.o -lgcc --push-state --as-needed -lgcc_s --pop-state -lc -lgcc --push-state --as-needed -lgcc_s --pop-state /cvmfs/sft.cern.ch/lcg/releases/gcc/11.1.0-e80bf/x86_64-centos7/bin/../lib/gcc/x86_64-pc-linux-gnu/11.1.0/crtend.o /lib/../lib64/crtn.o
COLLECT_GCC_OPTIONS='-v' '-rdynamic' '-o' 'cmTC_039f8' '-mtune=generic' '-march=x86-64' '-dumpdir' 'cmTC_039f8.'
gmake[1]: Leaving directory `/home/hep/mm2321/LMU_design_2/build/CMakeFiles/CMakeTmp'



Parsed C implicit include dir info from above output: rv=done
  found start of include info
  found start of implicit include info
    add: [/cvmfs/sft.cern.ch/lcg/views/LCG_96/x86_64-centos7-gcc62-opt/include]
    add: [/cvmfs/sft.cern.ch/lcg/releases/gcc/11.1.0-e80bf/x86_64-centos7/include]
    add: [/cvmfs/sft.cern.ch/lcg/releases/gcc/11.1.0-e80bf/x86_64-centos7/bin/../lib/gcc/x86_64-pc-linux-gnu/11.1.0/include]
    add: [/cvmfs/sft.cern.ch/lcg/releases/gcc/11.1.0-e80bf/x86_64-centos7/bin/../lib/gcc/x86_64-pc-linux-gnu/11.1.0/include-fixed]
    add: [/usr/local/include]
    add: [/usr/include]
  end of search list found
  collapse include dir [/cvmfs/sft.cern.ch/lcg/views/LCG_96/x86_64-centos7-gcc62-opt/include] ==> [/cvmfs/sft.cern.ch/lcg/views/LCG_96/x86_64-centos7-gcc62-opt/include]
  collapse include dir [/cvmfs/sft.cern.ch/lcg/releases/gcc/11.1.0-e80bf/x86_64-centos7/include] ==> [/cvmfs/sft.cern.ch/lcg/releases/gcc/11.1.0-e80bf/x86_64-centos7/include]
  collapse include dir [/cvmfs/sft.cern.ch/lcg/releases/gcc/11.1.0-e80bf/x86_64-centos7/bin/../lib/gcc/x86_64-pc-linux-gnu/11.1.0/include] ==> [/cvmfs/sft.cern.ch/lcg/releases/gcc/11.1.0-e80bf/x86_64-centos7/lib/gcc/x86_64-pc-linux-gnu/11.1.0/include]
  collapse include dir [/cvmfs/sft.cern.ch/lcg/releases/gcc/11.1.0-e80bf/x86_64-centos7/bin/../lib/gcc/x86_64-pc-linux-gnu/11.1.0/include-fixed] ==> [/cvmfs/sft.cern.ch/lcg/releases/gcc/11.1.0-e80bf/x86_64-centos7/lib/gcc/x86_64-pc-linux-gnu/11.1.0/include-fixed]
  collapse include dir [/usr/local/include] ==> [/usr/local/include]
  collapse include dir [/usr/include] ==> [/usr/include]
  implicit include dirs: [/cvmfs/sft.cern.ch/lcg/views/LCG_96/x86_64-centos7-gcc62-opt/include;/cvmfs/sft.cern.ch/lcg/releases/gcc/11.1.0-e80bf/x86_64-centos7/include;/cvmfs/sft.cern.ch/lcg/releases/gcc/11.1.0-e80bf/x86_64-centos7/lib/gcc/x86_64-pc-linux-gnu/11.1.0/include;/cvmfs/sft.cern.ch/lcg/releases/gcc/11.1.0-e80bf/x86_64-centos7/lib/gcc/x86_64-pc-linux-gnu/11.1.0/include-fixed;/usr/local/include;/usr/include]


Parsed C implicit link information from above output:
  link line regex: [^( *|.*[/\])(ld|CMAKE_LINK_STARTFILE-NOTFOUND|([^/\]+-)?ld|collect2)[^/\]*( |$)]
  ignore line: [Change Dir: /home/hep/mm2321/LMU_design_2/build/CMakeFiles/CMakeTmp]
  ignore line: []
  ignore line: [Run Build Command(s):/usr/bin/gmake -f Makefile cmTC_039f8/fast && /usr/bin/gmake  -f CMakeFiles/cmTC_039f8.dir/build.make CMakeFiles/cmTC_039f8.dir/build]
  ignore line: [gmake[1]: Entering directory `/home/hep/mm2321/LMU_design_2/build/CMakeFiles/CMakeTmp']
  ignore line: [Building C object CMakeFiles/cmTC_039f8.dir/CMakeCCompilerABI.c.o]
  ignore line: [/cvmfs/sft.cern.ch/lcg/releases/gcc/11.1.0-e80bf/x86_64-centos7/bin/gcc   -v -o CMakeFiles/cmTC_039f8.dir/CMakeCCompilerABI.c.o -c /vols/ccap/local/cmake/cmake-3.21.2-linux-x86_64/share/cmake-3.21/Modules/CMakeCCompilerABI.c]
  ignore line: [Using built-in specs.]
  ignore line: [COLLECT_GCC=/cvmfs/sft.cern.ch/lcg/releases/gcc/11.1.0-e80bf/x86_64-centos7/bin/gcc]
  ignore line: [Target: x86_64-pc-linux-gnu]
  ignore line: [Configured with: /build/dkonst/gcc-clang-2/build/contrib/gcc-11.1.0/src/gcc/11.1.0/configure --prefix=/build/dkonst/gcc-clang-2/lcgcmake-install/gcc/11.1.0/x86_64-centos7 -with-system-zlib --disable-multilib --enable-languages=all --with-gnu-ld --with-gnu-as]
  ignore line: [Thread model: posix]
  ignore line: [Supported LTO compression algorithms: zlib]
  ignore line: [gcc version 11.1.0 (GCC) ]
  ignore line: [COLLECT_GCC_OPTIONS='-v' '-o' 'CMakeFiles/cmTC_039f8.dir/CMakeCCompilerABI.c.o' '-c' '-mtune=generic' '-march=x86-64' '-dumpdir' 'CMakeFiles/cmTC_039f8.dir/']
  ignore line: [ /cvmfs/sft.cern.ch/lcg/releases/gcc/11.1.0-e80bf/x86_64-centos7/bin/../libexec/gcc/x86_64-pc-linux-gnu/11.1.0/cc1 -quiet -v -iprefix /cvmfs/sft.cern.ch/lcg/releases/gcc/11.1.0-e80bf/x86_64-centos7/bin/../lib/gcc/x86_64-pc-linux-gnu/11.1.0/ -isystem /cvmfs/sft.cern.ch/lcg/releases/gcc/11.1.0-e80bf/x86_64-centos7/include /vols/ccap/local/cmake/cmake-3.21.2-linux-x86_64/share/cmake-3.21/Modules/CMakeCCompilerABI.c -quiet -dumpdir CMakeFiles/cmTC_039f8.dir/ -dumpbase CMakeCCompilerABI.c.c -dumpbase-ext .c -mtune=generic -march=x86-64 -version -o /tmp/ccLYF9W1.s]
  ignore line: [GNU C17 (GCC) version 11.1.0 (x86_64-pc-linux-gnu)]
  ignore line: [	compiled by GNU C version 11.1.0  GMP version 6.1.0  MPFR version 3.1.4  MPC version 1.0.3  isl version isl-0.18-GMP]
  ignore line: []
  ignore line: [GGC heuristics: --param ggc-min-expand=100 --param ggc-min-heapsize=131072]
  ignore line: [ignoring nonexistent directory "/cvmfs/sft.cern.ch/lcg/releases/gcc/11.1.0-e80bf/x86_64-centos7/bin/../lib/gcc/x86_64-pc-linux-gnu/11.1.0/../../../../x86_64-pc-linux-gnu/include"]
  ignore line: [ignoring duplicate directory "/cvmfs/sft.cern.ch/lcg/releases/gcc/11.1.0-e80bf/x86_64-centos7/bin/../lib/gcc/../../lib/gcc/x86_64-pc-linux-gnu/11.1.0/include"]
  ignore line: [ignoring duplicate directory "/cvmfs/sft.cern.ch/lcg/releases/gcc/11.1.0-e80bf/x86_64-centos7/bin/../lib/gcc/../../include"]
  ignore line: [ignoring duplicate directory "/cvmfs/sft.cern.ch/lcg/releases/gcc/11.1.0-e80bf/x86_64-centos7/bin/../lib/gcc/../../lib/gcc/x86_64-pc-linux-gnu/11.1.0/include-fixed"]
  ignore line: [ignoring nonexistent directory "/cvmfs/sft.cern.ch/lcg/releases/gcc/11.1.0-e80bf/x86_64-centos7/bin/../lib/gcc/../../lib/gcc/x86_64-pc-linux-gnu/11.1.0/../../../../x86_64-pc-linux-gnu/include"]
  ignore line: [#include "..." search starts here:]
  ignore line: [#include <...> search starts here:]
  ignore line: [ /cvmfs/sft.cern.ch/lcg/views/LCG_96/x86_64-centos7-gcc62-opt/include]
  ignore line: [ /cvmfs/sft.cern.ch/lcg/releases/gcc/11.1.0-e80bf/x86_64-centos7/include]
  ignore line: [ /cvmfs/sft.cern.ch/lcg/releases/gcc/11.1.0-e80bf/x86_64-centos7/bin/../lib/gcc/x86_64-pc-linux-gnu/11.1.0/include]
  ignore line: [ /cvmfs/sft.cern.ch/lcg/releases/gcc/11.1.0-e80bf/x86_64-centos7/bin/../lib/gcc/x86_64-pc-linux-gnu/11.1.0/include-fixed]
  ignore line: [ /usr/local/include]
  ignore line: [ /usr/include]
  ignore line: [End of search list.]
  ignore line: [GNU C17 (GCC) version 11.1.0 (x86_64-pc-linux-gnu)]
  ignore line: [	compiled by GNU C version 11.1.0  GMP version 6.1.0  MPFR version 3.1.4  MPC version 1.0.3  isl version isl-0.18-GMP]
  ignore line: []
  ignore line: [GGC heuristics: --param ggc-min-expand=100 --param ggc-min-heapsize=131072]
  ignore line: [Compiler executable checksum: 0d2ceef36e5cd635538f03ee2d64d590]
  ignore line: [COLLECT_GCC_OPTIONS='-v' '-o' 'CMakeFiles/cmTC_039f8.dir/CMakeCCompilerABI.c.o' '-c' '-mtune=generic' '-march=x86-64' '-dumpdir' 'CMakeFiles/cmTC_039f8.dir/']
  ignore line: [ as -v --64 -o CMakeFiles/cmTC_039f8.dir/CMakeCCompilerABI.c.o /tmp/ccLYF9W1.s]
  ignore line: [GNU assembler version 2.36.1 (x86_64-pc-linux-gnu) using BFD version (GNU Binutils) 2.36.1]
  ignore line: [COMPILER_PATH=/cvmfs/sft.cern.ch/lcg/releases/gcc/11.1.0-e80bf/x86_64-centos7/bin/../libexec/gcc/x86_64-pc-linux-gnu/11.1.0/:/cvmfs/sft.cern.ch/lcg/releases/gcc/11.1.0-e80bf/x86_64-centos7/bin/../libexec/gcc/:/cvmfs/sft.cern.ch/lcg/releases/gcc/11.1.0-e80bf/x86_64-centos7/]
  ignore line: [LIBRARY_PATH=/cvmfs/sft.cern.ch/lcg/releases/gcc/11.1.0-e80bf/x86_64-centos7/bin/../lib/gcc/x86_64-pc-linux-gnu/11.1.0/:/cvmfs/sft.cern.ch/lcg/releases/gcc/11.1.0-e80bf/x86_64-centos7/bin/../lib/gcc/:/cvmfs/sft.cern.ch/lcg/releases/gcc/11.1.0-e80bf/x86_64-centos7/bin/../lib/gcc/x86_64-pc-linux-gnu/11.1.0/../../../../lib64/:/lib/../lib64/:/usr/lib/../lib64/:/cvmfs/sft.cern.ch/lcg/releases/gcc/11.1.0-e80bf/x86_64-centos7/bin/../lib/gcc/x86_64-pc-linux-gnu/11.1.0/../../../:/lib/:/usr/lib/]
  ignore line: [COLLECT_GCC_OPTIONS='-v' '-o' 'CMakeFiles/cmTC_039f8.dir/CMakeCCompilerABI.c.o' '-c' '-mtune=generic' '-march=x86-64' '-dumpdir' 'CMakeFiles/cmTC_039f8.dir/CMakeCCompilerABI.c.']
  ignore line: [Linking C executable cmTC_039f8]
  ignore line: [/vols/ccap/local/cmake/cmake-3.21.2-linux-x86_64/bin/cmake -E cmake_link_script CMakeFiles/cmTC_039f8.dir/link.txt --verbose=1]
  ignore line: [/cvmfs/sft.cern.ch/lcg/releases/gcc/11.1.0-e80bf/x86_64-centos7/bin/gcc  -v -rdynamic CMakeFiles/cmTC_039f8.dir/CMakeCCompilerABI.c.o -o cmTC_039f8 ]
  ignore line: [Using built-in specs.]
  ignore line: [COLLECT_GCC=/cvmfs/sft.cern.ch/lcg/releases/gcc/11.1.0-e80bf/x86_64-centos7/bin/gcc]
  ignore line: [COLLECT_LTO_WRAPPER=/cvmfs/sft.cern.ch/lcg/releases/gcc/11.1.0-e80bf/x86_64-centos7/bin/../libexec/gcc/x86_64-pc-linux-gnu/11.1.0/lto-wrapper]
  ignore line: [Target: x86_64-pc-linux-gnu]
  ignore line: [Configured with: /build/dkonst/gcc-clang-2/build/contrib/gcc-11.1.0/src/gcc/11.1.0/configure --prefix=/build/dkonst/gcc-clang-2/lcgcmake-install/gcc/11.1.0/x86_64-centos7 -with-system-zlib --disable-multilib --enable-languages=all --with-gnu-ld --with-gnu-as]
  ignore line: [Thread model: posix]
  ignore line: [Supported LTO compression algorithms: zlib]
  ignore line: [gcc version 11.1.0 (GCC) ]
  ignore line: [COMPILER_PATH=/cvmfs/sft.cern.ch/lcg/releases/gcc/11.1.0-e80bf/x86_64-centos7/bin/../libexec/gcc/x86_64-pc-linux-gnu/11.1.0/:/cvmfs/sft.cern.ch/lcg/releases/gcc/11.1.0-e80bf/x86_64-centos7/bin/../libexec/gcc/:/cvmfs/sft.cern.ch/lcg/releases/gcc/11.1.0-e80bf/x86_64-centos7/]
  ignore line: [LIBRARY_PATH=/cvmfs/sft.cern.ch/lcg/releases/gcc/11.1.0-e80bf/x86_64-centos7/bin/../lib/gcc/x86_64-pc-linux-gnu/11.1.0/:/cvmfs/sft.cern.ch/lcg/releases/gcc/11.1.0-e80bf/x86_64-centos7/bin/../lib/gcc/:/cvmfs/sft.cern.ch/lcg/releases/gcc/11.1.0-e80bf/x86_64-centos7/bin/../lib/gcc/x86_64-pc-linux-gnu/11.1.0/../../../../lib64/:/lib/../lib64/:/usr/lib/../lib64/:/cvmfs/sft.cern.ch/lcg/releases/gcc/11.1.0-e80bf/x86_64-centos7/bin/../lib/gcc/x86_64-pc-linux-gnu/11.1.0/../../../:/lib/:/usr/lib/]
  ignore line: [COLLECT_GCC_OPTIONS='-v' '-rdynamic' '-o' 'cmTC_039f8' '-mtune=generic' '-march=x86-64' '-dumpdir' 'cmTC_039f8.']
  link line: [ /cvmfs/sft.cern.ch/lcg/releases/gcc/11.1.0-e80bf/x86_64-centos7/bin/../libexec/gcc/x86_64-pc-linux-gnu/11.1.0/collect2 -plugin /cvmfs/sft.cern.ch/lcg/releases/gcc/11.1.0-e80bf/x86_64-centos7/bin/../libexec/gcc/x86_64-pc-linux-gnu/11.1.0/liblto_plugin.so -plugin-opt=/cvmfs/sft.cern.ch/lcg/releases/gcc/11.1.0-e80bf/x86_64-centos7/bin/../libexec/gcc/x86_64-pc-linux-gnu/11.1.0/lto-wrapper -plugin-opt=-fresolution=/tmp/cc2TOnab.res -plugin-opt=-pass-through=-lgcc -plugin-opt=-pass-through=-lgcc_s -plugin-opt=-pass-through=-lc -plugin-opt=-pass-through=-lgcc -plugin-opt=-pass-through=-lgcc_s --eh-frame-hdr -m elf_x86_64 -export-dynamic -dynamic-linker /lib64/ld-linux-x86-64.so.2 -o cmTC_039f8 /lib/../lib64/crt1.o /lib/../lib64/crti.o /cvmfs/sft.cern.ch/lcg/releases/gcc/11.1.0-e80bf/x86_64-centos7/bin/../lib/gcc/x86_64-pc-linux-gnu/11.1.0/crtbegin.o -L/cvmfs/sft.cern.ch/lcg/releases/gcc/11.1.0-e80bf/x86_64-centos7/bin/../lib/gcc/x86_64-pc-linux-gnu/11.1.0 -L/cvmfs/sft.cern.ch/lcg/releases/gcc/11.1.0-e80bf/x86_64-centos7/bin/../lib/gcc -L/cvmfs/sft.cern.ch/lcg/releases/gcc/11.1.0-e80bf/x86_64-centos7/bin/../lib/gcc/x86_64-pc-linux-gnu/11.1.0/../../../../lib64 -L/lib/../lib64 -L/usr/lib/../lib64 -L/cvmfs/sft.cern.ch/lcg/releases/gcc/11.1.0-e80bf/x86_64-centos7/bin/../lib/gcc/x86_64-pc-linux-gnu/11.1.0/../../.. CMakeFiles/cmTC_039f8.dir/CMakeCCompilerABI.c.o -lgcc --push-state --as-needed -lgcc_s --pop-state -lc -lgcc --push-state --as-needed -lgcc_s --pop-state /cvmfs/sft.cern.ch/lcg/releases/gcc/11.1.0-e80bf/x86_64-centos7/bin/../lib/gcc/x86_64-pc-linux-gnu/11.1.0/crtend.o /lib/../lib64/crtn.o]
    arg [/cvmfs/sft.cern.ch/lcg/releases/gcc/11.1.0-e80bf/x86_64-centos7/bin/../libexec/gcc/x86_64-pc-linux-gnu/11.1.0/collect2] ==> ignore
    arg [-plugin] ==> ignore
    arg [/cvmfs/sft.cern.ch/lcg/releases/gcc/11.1.0-e80bf/x86_64-centos7/bin/../libexec/gcc/x86_64-pc-linux-gnu/11.1.0/liblto_plugin.so] ==> ignore
    arg [-plugin-opt=/cvmfs/sft.cern.ch/lcg/releases/gcc/11.1.0-e80bf/x86_64-centos7/bin/../libexec/gcc/x86_64-pc-linux-gnu/11.1.0/lto-wrapper] ==> ignore
    arg [-plugin-opt=-fresolution=/tmp/cc2TOnab.res] ==> ignore
    arg [-plugin-opt=-pass-through=-lgcc] ==> ignore
    arg [-plugin-opt=-pass-through=-lgcc_s] ==> ignore
    arg [-plugin-opt=-pass-through=-lc] ==> ignore
    arg [-plugin-opt=-pass-through=-lgcc] ==> ignore
    arg [-plugin-opt=-pass-through=-lgcc_s] ==> ignore
    arg [--eh-frame-hdr] ==> ignore
    arg [-m] ==> ignore
    arg [elf_x86_64] ==> ignore
    arg [-export-dynamic] ==> ignore
    arg [-dynamic-linker] ==> ignore
    arg [/lib64/ld-linux-x86-64.so.2] ==> ignore
    arg [-o] ==> ignore
    arg [cmTC_039f8] ==> ignore
    arg [/lib/../lib64/crt1.o] ==> obj [/lib/../lib64/crt1.o]
    arg [/lib/../lib64/crti.o] ==> obj [/lib/../lib64/crti.o]
    arg [/cvmfs/sft.cern.ch/lcg/releases/gcc/11.1.0-e80bf/x86_64-centos7/bin/../lib/gcc/x86_64-pc-linux-gnu/11.1.0/crtbegin.o] ==> obj [/cvmfs/sft.cern.ch/lcg/releases/gcc/11.1.0-e80bf/x86_64-centos7/bin/../lib/gcc/x86_64-pc-linux-gnu/11.1.0/crtbegin.o]
    arg [-L/cvmfs/sft.cern.ch/lcg/releases/gcc/11.1.0-e80bf/x86_64-centos7/bin/../lib/gcc/x86_64-pc-linux-gnu/11.1.0] ==> dir [/cvmfs/sft.cern.ch/lcg/releases/gcc/11.1.0-e80bf/x86_64-centos7/bin/../lib/gcc/x86_64-pc-linux-gnu/11.1.0]
    arg [-L/cvmfs/sft.cern.ch/lcg/releases/gcc/11.1.0-e80bf/x86_64-centos7/bin/../lib/gcc] ==> dir [/cvmfs/sft.cern.ch/lcg/releases/gcc/11.1.0-e80bf/x86_64-centos7/bin/../lib/gcc]
    arg [-L/cvmfs/sft.cern.ch/lcg/releases/gcc/11.1.0-e80bf/x86_64-centos7/bin/../lib/gcc/x86_64-pc-linux-gnu/11.1.0/../../../../lib64] ==> dir [/cvmfs/sft.cern.ch/lcg/releases/gcc/11.1.0-e80bf/x86_64-centos7/bin/../lib/gcc/x86_64-pc-linux-gnu/11.1.0/../../../../lib64]
    arg [-L/lib/../lib64] ==> dir [/lib/../lib64]
    arg [-L/usr/lib/../lib64] ==> dir [/usr/lib/../lib64]
    arg [-L/cvmfs/sft.cern.ch/lcg/releases/gcc/11.1.0-e80bf/x86_64-centos7/bin/../lib/gcc/x86_64-pc-linux-gnu/11.1.0/../../..] ==> dir [/cvmfs/sft.cern.ch/lcg/releases/gcc/11.1.0-e80bf/x86_64-centos7/bin/../lib/gcc/x86_64-pc-linux-gnu/11.1.0/../../..]
    arg [CMakeFiles/cmTC_039f8.dir/CMakeCCompilerABI.c.o] ==> ignore
    arg [-lgcc] ==> lib [gcc]
    arg [--push-state] ==> ignore
    arg [--as-needed] ==> ignore
    arg [-lgcc_s] ==> lib [gcc_s]
    arg [--pop-state] ==> ignore
    arg [-lc] ==> lib [c]
    arg [-lgcc] ==> lib [gcc]
    arg [--push-state] ==> ignore
    arg [--as-needed] ==> ignore
    arg [-lgcc_s] ==> lib [gcc_s]
    arg [--pop-state] ==> ignore
    arg [/cvmfs/sft.cern.ch/lcg/releases/gcc/11.1.0-e80bf/x86_64-centos7/bin/../lib/gcc/x86_64-pc-linux-gnu/11.1.0/crtend.o] ==> obj [/cvmfs/sft.cern.ch/lcg/releases/gcc/11.1.0-e80bf/x86_64-centos7/bin/../lib/gcc/x86_64-pc-linux-gnu/11.1.0/crtend.o]
    arg [/lib/../lib64/crtn.o] ==> obj [/lib/../lib64/crtn.o]
  collapse obj [/lib/../lib64/crt1.o] ==> [/lib64/crt1.o]
  collapse obj [/lib/../lib64/crti.o] ==> [/lib64/crti.o]
  collapse obj [/cvmfs/sft.cern.ch/lcg/releases/gcc/11.1.0-e80bf/x86_64-centos7/bin/../lib/gcc/x86_64-pc-linux-gnu/11.1.0/crtbegin.o] ==> [/cvmfs/sft.cern.ch/lcg/releases/gcc/11.1.0-e80bf/x86_64-centos7/lib/gcc/x86_64-pc-linux-gnu/11.1.0/crtbegin.o]
  collapse obj [/cvmfs/sft.cern.ch/lcg/releases/gcc/11.1.0-e80bf/x86_64-centos7/bin/../lib/gcc/x86_64-pc-linux-gnu/11.1.0/crtend.o] ==> [/cvmfs/sft.cern.ch/lcg/releases/gcc/11.1.0-e80bf/x86_64-centos7/lib/gcc/x86_64-pc-linux-gnu/11.1.0/crtend.o]
  collapse obj [/lib/../lib64/crtn.o] ==> [/lib64/crtn.o]
  collapse library dir [/cvmfs/sft.cern.ch/lcg/releases/gcc/11.1.0-e80bf/x86_64-centos7/bin/../lib/gcc/x86_64-pc-linux-gnu/11.1.0] ==> [/cvmfs/sft.cern.ch/lcg/releases/gcc/11.1.0-e80bf/x86_64-centos7/lib/gcc/x86_64-pc-linux-gnu/11.1.0]
  collapse library dir [/cvmfs/sft.cern.ch/lcg/releases/gcc/11.1.0-e80bf/x86_64-centos7/bin/../lib/gcc] ==> [/cvmfs/sft.cern.ch/lcg/releases/gcc/11.1.0-e80bf/x86_64-centos7/lib/gcc]
  collapse library dir [/cvmfs/sft.cern.ch/lcg/releases/gcc/11.1.0-e80bf/x86_64-centos7/bin/../lib/gcc/x86_64-pc-linux-gnu/11.1.0/../../../../lib64] ==> [/cvmfs/sft.cern.ch/lcg/releases/gcc/11.1.0-e80bf/x86_64-centos7/lib64]
  collapse library dir [/lib/../lib64] ==> [/lib64]
  collapse library dir [/usr/lib/../lib64] ==> [/usr/lib64]
  collapse library dir [/cvmfs/sft.cern.ch/lcg/releases/gcc/11.1.0-e80bf/x86_64-centos7/bin/../lib/gcc/x86_64-pc-linux-gnu/11.1.0/../../..] ==> [/cvmfs/sft.cern.ch/lcg/releases/gcc/11.1.0-e80bf/x86_64-centos7/lib]
  implicit libs: [gcc;gcc_s;c;gcc;gcc_s]
  implicit objs: [/lib64/crt1.o;/lib64/crti.o;/cvmfs/sft.cern.ch/lcg/releases/gcc/11.1.0-e80bf/x86_64-centos7/lib/gcc/x86_64-pc-linux-gnu/11.1.0/crtbegin.o;/cvmfs/sft.cern.ch/lcg/releases/gcc/11.1.0-e80bf/x86_64-centos7/lib/gcc/x86_64-pc-linux-gnu/11.1.0/crtend.o;/lib64/crtn.o]
  implicit dirs: [/cvmfs/sft.cern.ch/lcg/releases/gcc/11.1.0-e80bf/x86_64-centos7/lib/gcc/x86_64-pc-linux-gnu/11.1.0;/cvmfs/sft.cern.ch/lcg/releases/gcc/11.1.0-e80bf/x86_64-centos7/lib/gcc;/cvmfs/sft.cern.ch/lcg/releases/gcc/11.1.0-e80bf/x86_64-centos7/lib64;/lib64;/usr/lib64;/cvmfs/sft.cern.ch/lcg/releases/gcc/11.1.0-e80bf/x86_64-centos7/lib]
  implicit fwks: []


Detecting CXX compiler ABI info compiled with the following output:
Change Dir: /home/hep/mm2321/LMU_design_2/build/CMakeFiles/CMakeTmp

Run Build Command(s):/usr/bin/gmake -f Makefile cmTC_66a4b/fast && /usr/bin/gmake  -f CMakeFiles/cmTC_66a4b.dir/build.make CMakeFiles/cmTC_66a4b.dir/build
gmake[1]: Entering directory `/home/hep/mm2321/LMU_design_2/build/CMakeFiles/CMakeTmp'
Building CXX object CMakeFiles/cmTC_66a4b.dir/CMakeCXXCompilerABI.cpp.o
/cvmfs/sft.cern.ch/lcg/releases/gcc/11.1.0-e80bf/x86_64-centos7/bin/g++   -v -o CMakeFiles/cmTC_66a4b.dir/CMakeCXXCompilerABI.cpp.o -c /vols/ccap/local/cmake/cmake-3.21.2-linux-x86_64/share/cmake-3.21/Modules/CMakeCXXCompilerABI.cpp
Using built-in specs.
COLLECT_GCC=/cvmfs/sft.cern.ch/lcg/releases/gcc/11.1.0-e80bf/x86_64-centos7/bin/g++
Target: x86_64-pc-linux-gnu
Configured with: /build/dkonst/gcc-clang-2/build/contrib/gcc-11.1.0/src/gcc/11.1.0/configure --prefix=/build/dkonst/gcc-clang-2/lcgcmake-install/gcc/11.1.0/x86_64-centos7 -with-system-zlib --disable-multilib --enable-languages=all --with-gnu-ld --with-gnu-as
Thread model: posix
Supported LTO compression algorithms: zlib
gcc version 11.1.0 (GCC) 
COLLECT_GCC_OPTIONS='-v' '-o' 'CMakeFiles/cmTC_66a4b.dir/CMakeCXXCompilerABI.cpp.o' '-c' '-shared-libgcc' '-mtune=generic' '-march=x86-64' '-dumpdir' 'CMakeFiles/cmTC_66a4b.dir/'
 /cvmfs/sft.cern.ch/lcg/releases/gcc/11.1.0-e80bf/x86_64-centos7/bin/../libexec/gcc/x86_64-pc-linux-gnu/11.1.0/cc1plus -quiet -v -iprefix /cvmfs/sft.cern.ch/lcg/releases/gcc/11.1.0-e80bf/x86_64-centos7/bin/../lib/gcc/x86_64-pc-linux-gnu/11.1.0/ -isystem /cvmfs/sft.cern.ch/lcg/releases/gcc/11.1.0-e80bf/x86_64-centos7/include -D_GNU_SOURCE /vols/ccap/local/cmake/cmake-3.21.2-linux-x86_64/share/cmake-3.21/Modules/CMakeCXXCompilerABI.cpp -quiet -dumpdir CMakeFiles/cmTC_66a4b.dir/ -dumpbase CMakeCXXCompilerABI.cpp.cpp -dumpbase-ext .cpp -mtune=generic -march=x86-64 -version -o /tmp/ccvwxDJu.s
GNU C++17 (GCC) version 11.1.0 (x86_64-pc-linux-gnu)
	compiled by GNU C version 11.1.0, GMP version 6.1.0, MPFR version 3.1.4, MPC version 1.0.3, isl version isl-0.18-GMP

GGC heuristics: --param ggc-min-expand=100 --param ggc-min-heapsize=131072
ignoring nonexistent directory "/cvmfs/sft.cern.ch/lcg/releases/gcc/11.1.0-e80bf/x86_64-centos7/bin/../lib/gcc/x86_64-pc-linux-gnu/11.1.0/../../../../x86_64-pc-linux-gnu/include"
ignoring duplicate directory "/cvmfs/sft.cern.ch/lcg/releases/gcc/11.1.0-e80bf/x86_64-centos7/bin/../lib/gcc/../../lib/gcc/x86_64-pc-linux-gnu/11.1.0/../../../../include/c++/11.1.0"
ignoring duplicate directory "/cvmfs/sft.cern.ch/lcg/releases/gcc/11.1.0-e80bf/x86_64-centos7/bin/../lib/gcc/../../lib/gcc/x86_64-pc-linux-gnu/11.1.0/../../../../include/c++/11.1.0/x86_64-pc-linux-gnu"
ignoring duplicate directory "/cvmfs/sft.cern.ch/lcg/releases/gcc/11.1.0-e80bf/x86_64-centos7/bin/../lib/gcc/../../lib/gcc/x86_64-pc-linux-gnu/11.1.0/../../../../include/c++/11.1.0/backward"
ignoring duplicate directory "/cvmfs/sft.cern.ch/lcg/releases/gcc/11.1.0-e80bf/x86_64-centos7/bin/../lib/gcc/../../lib/gcc/x86_64-pc-linux-gnu/11.1.0/include"
ignoring duplicate directory "/cvmfs/sft.cern.ch/lcg/releases/gcc/11.1.0-e80bf/x86_64-centos7/bin/../lib/gcc/../../include"
ignoring duplicate directory "/cvmfs/sft.cern.ch/lcg/releases/gcc/11.1.0-e80bf/x86_64-centos7/bin/../lib/gcc/../../lib/gcc/x86_64-pc-linux-gnu/11.1.0/include-fixed"
ignoring nonexistent directory "/cvmfs/sft.cern.ch/lcg/releases/gcc/11.1.0-e80bf/x86_64-centos7/bin/../lib/gcc/../../lib/gcc/x86_64-pc-linux-gnu/11.1.0/../../../../x86_64-pc-linux-gnu/include"
#include "..." search starts here:
#include <...> search starts here:
 /cvmfs/sft.cern.ch/lcg/views/LCG_96/x86_64-centos7-gcc62-opt/include
 /cvmfs/sft.cern.ch/lcg/releases/gcc/11.1.0-e80bf/x86_64-centos7/include
 /cvmfs/sft.cern.ch/lcg/releases/gcc/11.1.0-e80bf/x86_64-centos7/bin/../lib/gcc/x86_64-pc-linux-gnu/11.1.0/../../../../include/c++/11.1.0
 /cvmfs/sft.cern.ch/lcg/releases/gcc/11.1.0-e80bf/x86_64-centos7/bin/../lib/gcc/x86_64-pc-linux-gnu/11.1.0/../../../../include/c++/11.1.0/x86_64-pc-linux-gnu
 /cvmfs/sft.cern.ch/lcg/releases/gcc/11.1.0-e80bf/x86_64-centos7/bin/../lib/gcc/x86_64-pc-linux-gnu/11.1.0/../../../../include/c++/11.1.0/backward
 /cvmfs/sft.cern.ch/lcg/releases/gcc/11.1.0-e80bf/x86_64-centos7/bin/../lib/gcc/x86_64-pc-linux-gnu/11.1.0/include
 /cvmfs/sft.cern.ch/lcg/releases/gcc/11.1.0-e80bf/x86_64-centos7/bin/../lib/gcc/x86_64-pc-linux-gnu/11.1.0/include-fixed
 /usr/local/include
 /usr/include
End of search list.
GNU C++17 (GCC) version 11.1.0 (x86_64-pc-linux-gnu)
	compiled by GNU C version 11.1.0, GMP version 6.1.0, MPFR version 3.1.4, MPC version 1.0.3, isl version isl-0.18-GMP

GGC heuristics: --param ggc-min-expand=100 --param ggc-min-heapsize=131072
Compiler executable checksum: 7498e012d1078204cafaf212ab626e78
COLLECT_GCC_OPTIONS='-v' '-o' 'CMakeFiles/cmTC_66a4b.dir/CMakeCXXCompilerABI.cpp.o' '-c' '-shared-libgcc' '-mtune=generic' '-march=x86-64' '-dumpdir' 'CMakeFiles/cmTC_66a4b.dir/'
 as -v --64 -o CMakeFiles/cmTC_66a4b.dir/CMakeCXXCompilerABI.cpp.o /tmp/ccvwxDJu.s
GNU assembler version 2.36.1 (x86_64-pc-linux-gnu) using BFD version (GNU Binutils) 2.36.1
COMPILER_PATH=/cvmfs/sft.cern.ch/lcg/releases/gcc/11.1.0-e80bf/x86_64-centos7/bin/../libexec/gcc/x86_64-pc-linux-gnu/11.1.0/:/cvmfs/sft.cern.ch/lcg/releases/gcc/11.1.0-e80bf/x86_64-centos7/bin/../libexec/gcc/:/cvmfs/sft.cern.ch/lcg/releases/gcc/11.1.0-e80bf/x86_64-centos7/
LIBRARY_PATH=/cvmfs/sft.cern.ch/lcg/releases/gcc/11.1.0-e80bf/x86_64-centos7/bin/../lib/gcc/x86_64-pc-linux-gnu/11.1.0/:/cvmfs/sft.cern.ch/lcg/releases/gcc/11.1.0-e80bf/x86_64-centos7/bin/../lib/gcc/:/cvmfs/sft.cern.ch/lcg/releases/gcc/11.1.0-e80bf/x86_64-centos7/bin/../lib/gcc/x86_64-pc-linux-gnu/11.1.0/../../../../lib64/:/lib/../lib64/:/usr/lib/../lib64/:/cvmfs/sft.cern.ch/lcg/releases/gcc/11.1.0-e80bf/x86_64-centos7/bin/../lib/gcc/x86_64-pc-linux-gnu/11.1.0/../../../:/lib/:/usr/lib/
COLLECT_GCC_OPTIONS='-v' '-o' 'CMakeFiles/cmTC_66a4b.dir/CMakeCXXCompilerABI.cpp.o' '-c' '-shared-libgcc' '-mtune=generic' '-march=x86-64' '-dumpdir' 'CMakeFiles/cmTC_66a4b.dir/CMakeCXXCompilerABI.cpp.'
Linking CXX executable cmTC_66a4b
/vols/ccap/local/cmake/cmake-3.21.2-linux-x86_64/bin/cmake -E cmake_link_script CMakeFiles/cmTC_66a4b.dir/link.txt --verbose=1
/cvmfs/sft.cern.ch/lcg/releases/gcc/11.1.0-e80bf/x86_64-centos7/bin/g++  -v -rdynamic CMakeFiles/cmTC_66a4b.dir/CMakeCXXCompilerABI.cpp.o -o cmTC_66a4b 
Using built-in specs.
COLLECT_GCC=/cvmfs/sft.cern.ch/lcg/releases/gcc/11.1.0-e80bf/x86_64-centos7/bin/g++
COLLECT_LTO_WRAPPER=/cvmfs/sft.cern.ch/lcg/releases/gcc/11.1.0-e80bf/x86_64-centos7/bin/../libexec/gcc/x86_64-pc-linux-gnu/11.1.0/lto-wrapper
Target: x86_64-pc-linux-gnu
Configured with: /build/dkonst/gcc-clang-2/build/contrib/gcc-11.1.0/src/gcc/11.1.0/configure --prefix=/build/dkonst/gcc-clang-2/lcgcmake-install/gcc/11.1.0/x86_64-centos7 -with-system-zlib --disable-multilib --enable-languages=all --with-gnu-ld --with-gnu-as
Thread model: posix
Supported LTO compression algorithms: zlib
gcc version 11.1.0 (GCC) 
COMPILER_PATH=/cvmfs/sft.cern.ch/lcg/releases/gcc/11.1.0-e80bf/x86_64-centos7/bin/../libexec/gcc/x86_64-pc-linux-gnu/11.1.0/:/cvmfs/sft.cern.ch/lcg/releases/gcc/11.1.0-e80bf/x86_64-centos7/bin/../libexec/gcc/:/cvmfs/sft.cern.ch/lcg/releases/gcc/11.1.0-e80bf/x86_64-centos7/
LIBRARY_PATH=/cvmfs/sft.cern.ch/lcg/releases/gcc/11.1.0-e80bf/x86_64-centos7/bin/../lib/gcc/x86_64-pc-linux-gnu/11.1.0/:/cvmfs/sft.cern.ch/lcg/releases/gcc/11.1.0-e80bf/x86_64-centos7/bin/../lib/gcc/:/cvmfs/sft.cern.ch/lcg/releases/gcc/11.1.0-e80bf/x86_64-centos7/bin/../lib/gcc/x86_64-pc-linux-gnu/11.1.0/../../../../lib64/:/lib/../lib64/:/usr/lib/../lib64/:/cvmfs/sft.cern.ch/lcg/releases/gcc/11.1.0-e80bf/x86_64-centos7/bin/../lib/gcc/x86_64-pc-linux-gnu/11.1.0/../../../:/lib/:/usr/lib/
COLLECT_GCC_OPTIONS='-v' '-rdynamic' '-o' 'cmTC_66a4b' '-shared-libgcc' '-mtune=generic' '-march=x86-64' '-dumpdir' 'cmTC_66a4b.'
 /cvmfs/sft.cern.ch/lcg/releases/gcc/11.1.0-e80bf/x86_64-centos7/bin/../libexec/gcc/x86_64-pc-linux-gnu/11.1.0/collect2 -plugin /cvmfs/sft.cern.ch/lcg/releases/gcc/11.1.0-e80bf/x86_64-centos7/bin/../libexec/gcc/x86_64-pc-linux-gnu/11.1.0/liblto_plugin.so -plugin-opt=/cvmfs/sft.cern.ch/lcg/releases/gcc/11.1.0-e80bf/x86_64-centos7/bin/../libexec/gcc/x86_64-pc-linux-gnu/11.1.0/lto-wrapper -plugin-opt=-fresolution=/tmp/ccyFuXJA.res -plugin-opt=-pass-through=-lgcc_s -plugin-opt=-pass-through=-lgcc -plugin-opt=-pass-through=-lc -plugin-opt=-pass-through=-lgcc_s -plugin-opt=-pass-through=-lgcc --eh-frame-hdr -m elf_x86_64 -export-dynamic -dynamic-linker /lib64/ld-linux-x86-64.so.2 -o cmTC_66a4b /lib/../lib64/crt1.o /lib/../lib64/crti.o /cvmfs/sft.cern.ch/lcg/releases/gcc/11.1.0-e80bf/x86_64-centos7/bin/../lib/gcc/x86_64-pc-linux-gnu/11.1.0/crtbegin.o -L/cvmfs/sft.cern.ch/lcg/releases/gcc/11.1.0-e80bf/x86_64-centos7/bin/../lib/gcc/x86_64-pc-linux-gnu/11.1.0 -L/cvmfs/sft.cern.ch/lcg/releases/gcc/11.1.0-e80bf/x86_64-centos7/bin/../lib/gcc -L/cvmfs/sft.cern.ch/lcg/releases/gcc/11.1.0-e80bf/x86_64-centos7/bin/../lib/gcc/x86_64-pc-linux-gnu/11.1.0/../../../../lib64 -L/lib/../lib64 -L/usr/lib/../lib64 -L/cvmfs/sft.cern.ch/lcg/releases/gcc/11.1.0-e80bf/x86_64-centos7/bin/../lib/gcc/x86_64-pc-linux-gnu/11.1.0/../../.. CMakeFiles/cmTC_66a4b.dir/CMakeCXXCompilerABI.cpp.o -lstdc++ -lm -lgcc_s -lgcc -lc -lgcc_s -lgcc /cvmfs/sft.cern.ch/lcg/releases/gcc/11.1.0-e80bf/x86_64-centos7/bin/../lib/gcc/x86_64-pc-linux-gnu/11.1.0/crtend.o /lib/../lib64/crtn.o
COLLECT_GCC_OPTIONS='-v' '-rdynamic' '-o' 'cmTC_66a4b' '-shared-libgcc' '-mtune=generic' '-march=x86-64' '-dumpdir' 'cmTC_66a4b.'
gmake[1]: Leaving directory `/home/hep/mm2321/LMU_design_2/build/CMakeFiles/CMakeTmp'



Parsed CXX implicit include dir info from above output: rv=done
  found start of include info
  found start of implicit include info
    add: [/cvmfs/sft.cern.ch/lcg/views/LCG_96/x86_64-centos7-gcc62-opt/include]
    add: [/cvmfs/sft.cern.ch/lcg/releases/gcc/11.1.0-e80bf/x86_64-centos7/include]
    add: [/cvmfs/sft.cern.ch/lcg/releases/gcc/11.1.0-e80bf/x86_64-centos7/bin/../lib/gcc/x86_64-pc-linux-gnu/11.1.0/../../../../include/c++/11.1.0]
    add: [/cvmfs/sft.cern.ch/lcg/releases/gcc/11.1.0-e80bf/x86_64-centos7/bin/../lib/gcc/x86_64-pc-linux-gnu/11.1.0/../../../../include/c++/11.1.0/x86_64-pc-linux-gnu]
    add: [/cvmfs/sft.cern.ch/lcg/releases/gcc/11.1.0-e80bf/x86_64-centos7/bin/../lib/gcc/x86_64-pc-linux-gnu/11.1.0/../../../../include/c++/11.1.0/backward]
    add: [/cvmfs/sft.cern.ch/lcg/releases/gcc/11.1.0-e80bf/x86_64-centos7/bin/../lib/gcc/x86_64-pc-linux-gnu/11.1.0/include]
    add: [/cvmfs/sft.cern.ch/lcg/releases/gcc/11.1.0-e80bf/x86_64-centos7/bin/../lib/gcc/x86_64-pc-linux-gnu/11.1.0/include-fixed]
    add: [/usr/local/include]
    add: [/usr/include]
  end of search list found
  collapse include dir [/cvmfs/sft.cern.ch/lcg/views/LCG_96/x86_64-centos7-gcc62-opt/include] ==> [/cvmfs/sft.cern.ch/lcg/views/LCG_96/x86_64-centos7-gcc62-opt/include]
  collapse include dir [/cvmfs/sft.cern.ch/lcg/releases/gcc/11.1.0-e80bf/x86_64-centos7/include] ==> [/cvmfs/sft.cern.ch/lcg/releases/gcc/11.1.0-e80bf/x86_64-centos7/include]
  collapse include dir [/cvmfs/sft.cern.ch/lcg/releases/gcc/11.1.0-e80bf/x86_64-centos7/bin/../lib/gcc/x86_64-pc-linux-gnu/11.1.0/../../../../include/c++/11.1.0] ==> [/cvmfs/sft.cern.ch/lcg/releases/gcc/11.1.0-e80bf/x86_64-centos7/include/c++/11.1.0]
  collapse include dir [/cvmfs/sft.cern.ch/lcg/releases/gcc/11.1.0-e80bf/x86_64-centos7/bin/../lib/gcc/x86_64-pc-linux-gnu/11.1.0/../../../../include/c++/11.1.0/x86_64-pc-linux-gnu] ==> [/cvmfs/sft.cern.ch/lcg/releases/gcc/11.1.0-e80bf/x86_64-centos7/include/c++/11.1.0/x86_64-pc-linux-gnu]
  collapse include dir [/cvmfs/sft.cern.ch/lcg/releases/gcc/11.1.0-e80bf/x86_64-centos7/bin/../lib/gcc/x86_64-pc-linux-gnu/11.1.0/../../../../include/c++/11.1.0/backward] ==> [/cvmfs/sft.cern.ch/lcg/releases/gcc/11.1.0-e80bf/x86_64-centos7/include/c++/11.1.0/backward]
  collapse include dir [/cvmfs/sft.cern.ch/lcg/releases/gcc/11.1.0-e80bf/x86_64-centos7/bin/../lib/gcc/x86_64-pc-linux-gnu/11.1.0/include] ==> [/cvmfs/sft.cern.ch/lcg/releases/gcc/11.1.0-e80bf/x86_64-centos7/lib/gcc/x86_64-pc-linux-gnu/11.1.0/include]
  collapse include dir [/cvmfs/sft.cern.ch/lcg/releases/gcc/11.1.0-e80bf/x86_64-centos7/bin/../lib/gcc/x86_64-pc-linux-gnu/11.1.0/include-fixed] ==> [/cvmfs/sft.cern.ch/lcg/releases/gcc/11.1.0-e80bf/x86_64-centos7/lib/gcc/x86_64-pc-linux-gnu/11.1.0/include-fixed]
  collapse include dir [/usr/local/include] ==> [/usr/local/include]
  collapse include dir [/usr/include] ==> [/usr/include]
  implicit include dirs: [/cvmfs/sft.cern.ch/lcg/views/LCG_96/x86_64-centos7-gcc62-opt/include;/cvmfs/sft.cern.ch/lcg/releases/gcc/11.1.0-e80bf/x86_64-centos7/include;/cvmfs/sft.cern.ch/lcg/releases/gcc/11.1.0-e80bf/x86_64-centos7/include/c++/11.1.0;/cvmfs/sft.cern.ch/lcg/releases/gcc/11.1.0-e80bf/x86_64-centos7/include/c++/11.1.0/x86_64-pc-linux-gnu;/cvmfs/sft.cern.ch/lcg/releases/gcc/11.1.0-e80bf/x86_64-centos7/include/c++/11.1.0/backward;/cvmfs/sft.cern.ch/lcg/releases/gcc/11.1.0-e80bf/x86_64-centos7/lib/gcc/x86_64-pc-linux-gnu/11.1.0/include;/cvmfs/sft.cern.ch/lcg/releases/gcc/11.1.0-e80bf/x86_64-centos7/lib/gcc/x86_64-pc-linux-gnu/11.1.0/include-fixed;/usr/local/include;/usr/include]


Parsed CXX implicit link information from above output:
  link line regex: [^( *|.*[/\])(ld|CMAKE_LINK_STARTFILE-NOTFOUND|([^/\]+-)?ld|collect2)[^/\]*( |$)]
  ignore line: [Change Dir: /home/hep/mm2321/LMU_design_2/build/CMakeFiles/CMakeTmp]
  ignore line: []
  ignore line: [Run Build Command(s):/usr/bin/gmake -f Makefile cmTC_66a4b/fast && /usr/bin/gmake  -f CMakeFiles/cmTC_66a4b.dir/build.make CMakeFiles/cmTC_66a4b.dir/build]
  ignore line: [gmake[1]: Entering directory `/home/hep/mm2321/LMU_design_2/build/CMakeFiles/CMakeTmp']
  ignore line: [Building CXX object CMakeFiles/cmTC_66a4b.dir/CMakeCXXCompilerABI.cpp.o]
  ignore line: [/cvmfs/sft.cern.ch/lcg/releases/gcc/11.1.0-e80bf/x86_64-centos7/bin/g++   -v -o CMakeFiles/cmTC_66a4b.dir/CMakeCXXCompilerABI.cpp.o -c /vols/ccap/local/cmake/cmake-3.21.2-linux-x86_64/share/cmake-3.21/Modules/CMakeCXXCompilerABI.cpp]
  ignore line: [Using built-in specs.]
  ignore line: [COLLECT_GCC=/cvmfs/sft.cern.ch/lcg/releases/gcc/11.1.0-e80bf/x86_64-centos7/bin/g++]
  ignore line: [Target: x86_64-pc-linux-gnu]
  ignore line: [Configured with: /build/dkonst/gcc-clang-2/build/contrib/gcc-11.1.0/src/gcc/11.1.0/configure --prefix=/build/dkonst/gcc-clang-2/lcgcmake-install/gcc/11.1.0/x86_64-centos7 -with-system-zlib --disable-multilib --enable-languages=all --with-gnu-ld --with-gnu-as]
  ignore line: [Thread model: posix]
  ignore line: [Supported LTO compression algorithms: zlib]
  ignore line: [gcc version 11.1.0 (GCC) ]
  ignore line: [COLLECT_GCC_OPTIONS='-v' '-o' 'CMakeFiles/cmTC_66a4b.dir/CMakeCXXCompilerABI.cpp.o' '-c' '-shared-libgcc' '-mtune=generic' '-march=x86-64' '-dumpdir' 'CMakeFiles/cmTC_66a4b.dir/']
  ignore line: [ /cvmfs/sft.cern.ch/lcg/releases/gcc/11.1.0-e80bf/x86_64-centos7/bin/../libexec/gcc/x86_64-pc-linux-gnu/11.1.0/cc1plus -quiet -v -iprefix /cvmfs/sft.cern.ch/lcg/releases/gcc/11.1.0-e80bf/x86_64-centos7/bin/../lib/gcc/x86_64-pc-linux-gnu/11.1.0/ -isystem /cvmfs/sft.cern.ch/lcg/releases/gcc/11.1.0-e80bf/x86_64-centos7/include -D_GNU_SOURCE /vols/ccap/local/cmake/cmake-3.21.2-linux-x86_64/share/cmake-3.21/Modules/CMakeCXXCompilerABI.cpp -quiet -dumpdir CMakeFiles/cmTC_66a4b.dir/ -dumpbase CMakeCXXCompilerABI.cpp.cpp -dumpbase-ext .cpp -mtune=generic -march=x86-64 -version -o /tmp/ccvwxDJu.s]
  ignore line: [GNU C++17 (GCC) version 11.1.0 (x86_64-pc-linux-gnu)]
  ignore line: [	compiled by GNU C version 11.1.0  GMP version 6.1.0  MPFR version 3.1.4  MPC version 1.0.3  isl version isl-0.18-GMP]
  ignore line: []
  ignore line: [GGC heuristics: --param ggc-min-expand=100 --param ggc-min-heapsize=131072]
  ignore line: [ignoring nonexistent directory "/cvmfs/sft.cern.ch/lcg/releases/gcc/11.1.0-e80bf/x86_64-centos7/bin/../lib/gcc/x86_64-pc-linux-gnu/11.1.0/../../../../x86_64-pc-linux-gnu/include"]
  ignore line: [ignoring duplicate directory "/cvmfs/sft.cern.ch/lcg/releases/gcc/11.1.0-e80bf/x86_64-centos7/bin/../lib/gcc/../../lib/gcc/x86_64-pc-linux-gnu/11.1.0/../../../../include/c++/11.1.0"]
  ignore line: [ignoring duplicate directory "/cvmfs/sft.cern.ch/lcg/releases/gcc/11.1.0-e80bf/x86_64-centos7/bin/../lib/gcc/../../lib/gcc/x86_64-pc-linux-gnu/11.1.0/../../../../include/c++/11.1.0/x86_64-pc-linux-gnu"]
  ignore line: [ignoring duplicate directory "/cvmfs/sft.cern.ch/lcg/releases/gcc/11.1.0-e80bf/x86_64-centos7/bin/../lib/gcc/../../lib/gcc/x86_64-pc-linux-gnu/11.1.0/../../../../include/c++/11.1.0/backward"]
  ignore line: [ignoring duplicate directory "/cvmfs/sft.cern.ch/lcg/releases/gcc/11.1.0-e80bf/x86_64-centos7/bin/../lib/gcc/../../lib/gcc/x86_64-pc-linux-gnu/11.1.0/include"]
  ignore line: [ignoring duplicate directory "/cvmfs/sft.cern.ch/lcg/releases/gcc/11.1.0-e80bf/x86_64-centos7/bin/../lib/gcc/../../include"]
  ignore line: [ignoring duplicate directory "/cvmfs/sft.cern.ch/lcg/releases/gcc/11.1.0-e80bf/x86_64-centos7/bin/../lib/gcc/../../lib/gcc/x86_64-pc-linux-gnu/11.1.0/include-fixed"]
  ignore line: [ignoring nonexistent directory "/cvmfs/sft.cern.ch/lcg/releases/gcc/11.1.0-e80bf/x86_64-centos7/bin/../lib/gcc/../../lib/gcc/x86_64-pc-linux-gnu/11.1.0/../../../../x86_64-pc-linux-gnu/include"]
  ignore line: [#include "..." search starts here:]
  ignore line: [#include <...> search starts here:]
  ignore line: [ /cvmfs/sft.cern.ch/lcg/views/LCG_96/x86_64-centos7-gcc62-opt/include]
  ignore line: [ /cvmfs/sft.cern.ch/lcg/releases/gcc/11.1.0-e80bf/x86_64-centos7/include]
  ignore line: [ /cvmfs/sft.cern.ch/lcg/releases/gcc/11.1.0-e80bf/x86_64-centos7/bin/../lib/gcc/x86_64-pc-linux-gnu/11.1.0/../../../../include/c++/11.1.0]
  ignore line: [ /cvmfs/sft.cern.ch/lcg/releases/gcc/11.1.0-e80bf/x86_64-centos7/bin/../lib/gcc/x86_64-pc-linux-gnu/11.1.0/../../../../include/c++/11.1.0/x86_64-pc-linux-gnu]
  ignore line: [ /cvmfs/sft.cern.ch/lcg/releases/gcc/11.1.0-e80bf/x86_64-centos7/bin/../lib/gcc/x86_64-pc-linux-gnu/11.1.0/../../../../include/c++/11.1.0/backward]
  ignore line: [ /cvmfs/sft.cern.ch/lcg/releases/gcc/11.1.0-e80bf/x86_64-centos7/bin/../lib/gcc/x86_64-pc-linux-gnu/11.1.0/include]
  ignore line: [ /cvmfs/sft.cern.ch/lcg/releases/gcc/11.1.0-e80bf/x86_64-centos7/bin/../lib/gcc/x86_64-pc-linux-gnu/11.1.0/include-fixed]
  ignore line: [ /usr/local/include]
  ignore line: [ /usr/include]
  ignore line: [End of search list.]
  ignore line: [GNU C++17 (GCC) version 11.1.0 (x86_64-pc-linux-gnu)]
  ignore line: [	compiled by GNU C version 11.1.0  GMP version 6.1.0  MPFR version 3.1.4  MPC version 1.0.3  isl version isl-0.18-GMP]
  ignore line: []
  ignore line: [GGC heuristics: --param ggc-min-expand=100 --param ggc-min-heapsize=131072]
  ignore line: [Compiler executable checksum: 7498e012d1078204cafaf212ab626e78]
  ignore line: [COLLECT_GCC_OPTIONS='-v' '-o' 'CMakeFiles/cmTC_66a4b.dir/CMakeCXXCompilerABI.cpp.o' '-c' '-shared-libgcc' '-mtune=generic' '-march=x86-64' '-dumpdir' 'CMakeFiles/cmTC_66a4b.dir/']
  ignore line: [ as -v --64 -o CMakeFiles/cmTC_66a4b.dir/CMakeCXXCompilerABI.cpp.o /tmp/ccvwxDJu.s]
  ignore line: [GNU assembler version 2.36.1 (x86_64-pc-linux-gnu) using BFD version (GNU Binutils) 2.36.1]
  ignore line: [COMPILER_PATH=/cvmfs/sft.cern.ch/lcg/releases/gcc/11.1.0-e80bf/x86_64-centos7/bin/../libexec/gcc/x86_64-pc-linux-gnu/11.1.0/:/cvmfs/sft.cern.ch/lcg/releases/gcc/11.1.0-e80bf/x86_64-centos7/bin/../libexec/gcc/:/cvmfs/sft.cern.ch/lcg/releases/gcc/11.1.0-e80bf/x86_64-centos7/]
  ignore line: [LIBRARY_PATH=/cvmfs/sft.cern.ch/lcg/releases/gcc/11.1.0-e80bf/x86_64-centos7/bin/../lib/gcc/x86_64-pc-linux-gnu/11.1.0/:/cvmfs/sft.cern.ch/lcg/releases/gcc/11.1.0-e80bf/x86_64-centos7/bin/../lib/gcc/:/cvmfs/sft.cern.ch/lcg/releases/gcc/11.1.0-e80bf/x86_64-centos7/bin/../lib/gcc/x86_64-pc-linux-gnu/11.1.0/../../../../lib64/:/lib/../lib64/:/usr/lib/../lib64/:/cvmfs/sft.cern.ch/lcg/releases/gcc/11.1.0-e80bf/x86_64-centos7/bin/../lib/gcc/x86_64-pc-linux-gnu/11.1.0/../../../:/lib/:/usr/lib/]
  ignore line: [COLLECT_GCC_OPTIONS='-v' '-o' 'CMakeFiles/cmTC_66a4b.dir/CMakeCXXCompilerABI.cpp.o' '-c' '-shared-libgcc' '-mtune=generic' '-march=x86-64' '-dumpdir' 'CMakeFiles/cmTC_66a4b.dir/CMakeCXXCompilerABI.cpp.']
  ignore line: [Linking CXX executable cmTC_66a4b]
  ignore line: [/vols/ccap/local/cmake/cmake-3.21.2-linux-x86_64/bin/cmake -E cmake_link_script CMakeFiles/cmTC_66a4b.dir/link.txt --verbose=1]
  ignore line: [/cvmfs/sft.cern.ch/lcg/releases/gcc/11.1.0-e80bf/x86_64-centos7/bin/g++  -v -rdynamic CMakeFiles/cmTC_66a4b.dir/CMakeCXXCompilerABI.cpp.o -o cmTC_66a4b ]
  ignore line: [Using built-in specs.]
  ignore line: [COLLECT_GCC=/cvmfs/sft.cern.ch/lcg/releases/gcc/11.1.0-e80bf/x86_64-centos7/bin/g++]
  ignore line: [COLLECT_LTO_WRAPPER=/cvmfs/sft.cern.ch/lcg/releases/gcc/11.1.0-e80bf/x86_64-centos7/bin/../libexec/gcc/x86_64-pc-linux-gnu/11.1.0/lto-wrapper]
  ignore line: [Target: x86_64-pc-linux-gnu]
  ignore line: [Configured with: /build/dkonst/gcc-clang-2/build/contrib/gcc-11.1.0/src/gcc/11.1.0/configure --prefix=/build/dkonst/gcc-clang-2/lcgcmake-install/gcc/11.1.0/x86_64-centos7 -with-system-zlib --disable-multilib --enable-languages=all --with-gnu-ld --with-gnu-as]
  ignore line: [Thread model: posix]
  ignore line: [Supported LTO compression algorithms: zlib]
  ignore line: [gcc version 11.1.0 (GCC) ]
  ignore line: [COMPILER_PATH=/cvmfs/sft.cern.ch/lcg/releases/gcc/11.1.0-e80bf/x86_64-centos7/bin/../libexec/gcc/x86_64-pc-linux-gnu/11.1.0/:/cvmfs/sft.cern.ch/lcg/releases/gcc/11.1.0-e80bf/x86_64-centos7/bin/../libexec/gcc/:/cvmfs/sft.cern.ch/lcg/releases/gcc/11.1.0-e80bf/x86_64-centos7/]
  ignore line: [LIBRARY_PATH=/cvmfs/sft.cern.ch/lcg/releases/gcc/11.1.0-e80bf/x86_64-centos7/bin/../lib/gcc/x86_64-pc-linux-gnu/11.1.0/:/cvmfs/sft.cern.ch/lcg/releases/gcc/11.1.0-e80bf/x86_64-centos7/bin/../lib/gcc/:/cvmfs/sft.cern.ch/lcg/releases/gcc/11.1.0-e80bf/x86_64-centos7/bin/../lib/gcc/x86_64-pc-linux-gnu/11.1.0/../../../../lib64/:/lib/../lib64/:/usr/lib/../lib64/:/cvmfs/sft.cern.ch/lcg/releases/gcc/11.1.0-e80bf/x86_64-centos7/bin/../lib/gcc/x86_64-pc-linux-gnu/11.1.0/../../../:/lib/:/usr/lib/]
  ignore line: [COLLECT_GCC_OPTIONS='-v' '-rdynamic' '-o' 'cmTC_66a4b' '-shared-libgcc' '-mtune=generic' '-march=x86-64' '-dumpdir' 'cmTC_66a4b.']
  link line: [ /cvmfs/sft.cern.ch/lcg/releases/gcc/11.1.0-e80bf/x86_64-centos7/bin/../libexec/gcc/x86_64-pc-linux-gnu/11.1.0/collect2 -plugin /cvmfs/sft.cern.ch/lcg/releases/gcc/11.1.0-e80bf/x86_64-centos7/bin/../libexec/gcc/x86_64-pc-linux-gnu/11.1.0/liblto_plugin.so -plugin-opt=/cvmfs/sft.cern.ch/lcg/releases/gcc/11.1.0-e80bf/x86_64-centos7/bin/../libexec/gcc/x86_64-pc-linux-gnu/11.1.0/lto-wrapper -plugin-opt=-fresolution=/tmp/ccyFuXJA.res -plugin-opt=-pass-through=-lgcc_s -plugin-opt=-pass-through=-lgcc -plugin-opt=-pass-through=-lc -plugin-opt=-pass-through=-lgcc_s -plugin-opt=-pass-through=-lgcc --eh-frame-hdr -m elf_x86_64 -export-dynamic -dynamic-linker /lib64/ld-linux-x86-64.so.2 -o cmTC_66a4b /lib/../lib64/crt1.o /lib/../lib64/crti.o /cvmfs/sft.cern.ch/lcg/releases/gcc/11.1.0-e80bf/x86_64-centos7/bin/../lib/gcc/x86_64-pc-linux-gnu/11.1.0/crtbegin.o -L/cvmfs/sft.cern.ch/lcg/releases/gcc/11.1.0-e80bf/x86_64-centos7/bin/../lib/gcc/x86_64-pc-linux-gnu/11.1.0 -L/cvmfs/sft.cern.ch/lcg/releases/gcc/11.1.0-e80bf/x86_64-centos7/bin/../lib/gcc -L/cvmfs/sft.cern.ch/lcg/releases/gcc/11.1.0-e80bf/x86_64-centos7/bin/../lib/gcc/x86_64-pc-linux-gnu/11.1.0/../../../../lib64 -L/lib/../lib64 -L/usr/lib/../lib64 -L/cvmfs/sft.cern.ch/lcg/releases/gcc/11.1.0-e80bf/x86_64-centos7/bin/../lib/gcc/x86_64-pc-linux-gnu/11.1.0/../../.. CMakeFiles/cmTC_66a4b.dir/CMakeCXXCompilerABI.cpp.o -lstdc++ -lm -lgcc_s -lgcc -lc -lgcc_s -lgcc /cvmfs/sft.cern.ch/lcg/releases/gcc/11.1.0-e80bf/x86_64-centos7/bin/../lib/gcc/x86_64-pc-linux-gnu/11.1.0/crtend.o /lib/../lib64/crtn.o]
    arg [/cvmfs/sft.cern.ch/lcg/releases/gcc/11.1.0-e80bf/x86_64-centos7/bin/../libexec/gcc/x86_64-pc-linux-gnu/11.1.0/collect2] ==> ignore
    arg [-plugin] ==> ignore
    arg [/cvmfs/sft.cern.ch/lcg/releases/gcc/11.1.0-e80bf/x86_64-centos7/bin/../libexec/gcc/x86_64-pc-linux-gnu/11.1.0/liblto_plugin.so] ==> ignore
    arg [-plugin-opt=/cvmfs/sft.cern.ch/lcg/releases/gcc/11.1.0-e80bf/x86_64-centos7/bin/../libexec/gcc/x86_64-pc-linux-gnu/11.1.0/lto-wrapper] ==> ignore
    arg [-plugin-opt=-fresolution=/tmp/ccyFuXJA.res] ==> ignore
    arg [-plugin-opt=-pass-through=-lgcc_s] ==> ignore
    arg [-plugin-opt=-pass-through=-lgcc] ==> ignore
    arg [-plugin-opt=-pass-through=-lc] ==> ignore
    arg [-plugin-opt=-pass-through=-lgcc_s] ==> ignore
    arg [-plugin-opt=-pass-through=-lgcc] ==> ignore
    arg [--eh-frame-hdr] ==> ignore
    arg [-m] ==> ignore
    arg [elf_x86_64] ==> ignore
    arg [-export-dynamic] ==> ignore
    arg [-dynamic-linker] ==> ignore
    arg [/lib64/ld-linux-x86-64.so.2] ==> ignore
    arg [-o] ==> ignore
    arg [cmTC_66a4b] ==> ignore
    arg [/lib/../lib64/crt1.o] ==> obj [/lib/../lib64/crt1.o]
    arg [/lib/../lib64/crti.o] ==> obj [/lib/../lib64/crti.o]
    arg [/cvmfs/sft.cern.ch/lcg/releases/gcc/11.1.0-e80bf/x86_64-centos7/bin/../lib/gcc/x86_64-pc-linux-gnu/11.1.0/crtbegin.o] ==> obj [/cvmfs/sft.cern.ch/lcg/releases/gcc/11.1.0-e80bf/x86_64-centos7/bin/../lib/gcc/x86_64-pc-linux-gnu/11.1.0/crtbegin.o]
    arg [-L/cvmfs/sft.cern.ch/lcg/releases/gcc/11.1.0-e80bf/x86_64-centos7/bin/../lib/gcc/x86_64-pc-linux-gnu/11.1.0] ==> dir [/cvmfs/sft.cern.ch/lcg/releases/gcc/11.1.0-e80bf/x86_64-centos7/bin/../lib/gcc/x86_64-pc-linux-gnu/11.1.0]
    arg [-L/cvmfs/sft.cern.ch/lcg/releases/gcc/11.1.0-e80bf/x86_64-centos7/bin/../lib/gcc] ==> dir [/cvmfs/sft.cern.ch/lcg/releases/gcc/11.1.0-e80bf/x86_64-centos7/bin/../lib/gcc]
    arg [-L/cvmfs/sft.cern.ch/lcg/releases/gcc/11.1.0-e80bf/x86_64-centos7/bin/../lib/gcc/x86_64-pc-linux-gnu/11.1.0/../../../../lib64] ==> dir [/cvmfs/sft.cern.ch/lcg/releases/gcc/11.1.0-e80bf/x86_64-centos7/bin/../lib/gcc/x86_64-pc-linux-gnu/11.1.0/../../../../lib64]
    arg [-L/lib/../lib64] ==> dir [/lib/../lib64]
    arg [-L/usr/lib/../lib64] ==> dir [/usr/lib/../lib64]
    arg [-L/cvmfs/sft.cern.ch/lcg/releases/gcc/11.1.0-e80bf/x86_64-centos7/bin/../lib/gcc/x86_64-pc-linux-gnu/11.1.0/../../..] ==> dir [/cvmfs/sft.cern.ch/lcg/releases/gcc/11.1.0-e80bf/x86_64-centos7/bin/../lib/gcc/x86_64-pc-linux-gnu/11.1.0/../../..]
    arg [CMakeFiles/cmTC_66a4b.dir/CMakeCXXCompilerABI.cpp.o] ==> ignore
    arg [-lstdc++] ==> lib [stdc++]
    arg [-lm] ==> lib [m]
    arg [-lgcc_s] ==> lib [gcc_s]
    arg [-lgcc] ==> lib [gcc]
    arg [-lc] ==> lib [c]
    arg [-lgcc_s] ==> lib [gcc_s]
    arg [-lgcc] ==> lib [gcc]
    arg [/cvmfs/sft.cern.ch/lcg/releases/gcc/11.1.0-e80bf/x86_64-centos7/bin/../lib/gcc/x86_64-pc-linux-gnu/11.1.0/crtend.o] ==> obj [/cvmfs/sft.cern.ch/lcg/releases/gcc/11.1.0-e80bf/x86_64-centos7/bin/../lib/gcc/x86_64-pc-linux-gnu/11.1.0/crtend.o]
    arg [/lib/../lib64/crtn.o] ==> obj [/lib/../lib64/crtn.o]
  collapse obj [/lib/../lib64/crt1.o] ==> [/lib64/crt1.o]
  collapse obj [/lib/../lib64/crti.o] ==> [/lib64/crti.o]
  collapse obj [/cvmfs/sft.cern.ch/lcg/releases/gcc/11.1.0-e80bf/x86_64-centos7/bin/../lib/gcc/x86_64-pc-linux-gnu/11.1.0/crtbegin.o] ==> [/cvmfs/sft.cern.ch/lcg/releases/gcc/11.1.0-e80bf/x86_64-centos7/lib/gcc/x86_64-pc-linux-gnu/11.1.0/crtbegin.o]
  collapse obj [/cvmfs/sft.cern.ch/lcg/releases/gcc/11.1.0-e80bf/x86_64-centos7/bin/../lib/gcc/x86_64-pc-linux-gnu/11.1.0/crtend.o] ==> [/cvmfs/sft.cern.ch/lcg/releases/gcc/11.1.0-e80bf/x86_64-centos7/lib/gcc/x86_64-pc-linux-gnu/11.1.0/crtend.o]
  collapse obj [/lib/../lib64/crtn.o] ==> [/lib64/crtn.o]
  collapse library dir [/cvmfs/sft.cern.ch/lcg/releases/gcc/11.1.0-e80bf/x86_64-centos7/bin/../lib/gcc/x86_64-pc-linux-gnu/11.1.0] ==> [/cvmfs/sft.cern.ch/lcg/releases/gcc/11.1.0-e80bf/x86_64-centos7/lib/gcc/x86_64-pc-linux-gnu/11.1.0]
  collapse library dir [/cvmfs/sft.cern.ch/lcg/releases/gcc/11.1.0-e80bf/x86_64-centos7/bin/../lib/gcc] ==> [/cvmfs/sft.cern.ch/lcg/releases/gcc/11.1.0-e80bf/x86_64-centos7/lib/gcc]
  collapse library dir [/cvmfs/sft.cern.ch/lcg/releases/gcc/11.1.0-e80bf/x86_64-centos7/bin/../lib/gcc/x86_64-pc-linux-gnu/11.1.0/../../../../lib64] ==> [/cvmfs/sft.cern.ch/lcg/releases/gcc/11.1.0-e80bf/x86_64-centos7/lib64]
  collapse library dir [/lib/../lib64] ==> [/lib64]
  collapse library dir [/usr/lib/../lib64] ==> [/usr/lib64]
  collapse library dir [/cvmfs/sft.cern.ch/lcg/releases/gcc/11.1.0-e80bf/x86_64-centos7/bin/../lib/gcc/x86_64-pc-linux-gnu/11.1.0/../../..] ==> [/cvmfs/sft.cern.ch/lcg/releases/gcc/11.1.0-e80bf/x86_64-centos7/lib]
  implicit libs: [stdc++;m;gcc_s;gcc;c;gcc_s;gcc]
  implicit objs: [/lib64/crt1.o;/lib64/crti.o;/cvmfs/sft.cern.ch/lcg/releases/gcc/11.1.0-e80bf/x86_64-centos7/lib/gcc/x86_64-pc-linux-gnu/11.1.0/crtbegin.o;/cvmfs/sft.cern.ch/lcg/releases/gcc/11.1.0-e80bf/x86_64-centos7/lib/gcc/x86_64-pc-linux-gnu/11.1.0/crtend.o;/lib64/crtn.o]
  implicit dirs: [/cvmfs/sft.cern.ch/lcg/releases/gcc/11.1.0-e80bf/x86_64-centos7/lib/gcc/x86_64-pc-linux-gnu/11.1.0;/cvmfs/sft.cern.ch/lcg/releases/gcc/11.1.0-e80bf/x86_64-centos7/lib/gcc;/cvmfs/sft.cern.ch/lcg/releases/gcc/11.1.0-e80bf/x86_64-centos7/lib64;/lib64;/usr/lib64;/cvmfs/sft.cern.ch/lcg/releases/gcc/11.1.0-e80bf/x86_64-centos7/lib]
  implicit fwks: []


